2016-04-01T21:12:12.599+0800 I CONTROL  [initandlisten] MongoDB starting : pid=4224 port=27017 dbpath=C:\data\db\ 64-bit host=DESKTOP-EF5FLLO
2016-04-01T21:12:12.600+0800 I CONTROL  [initandlisten] targetMinOS: Windows Vista/Windows Server 2008
2016-04-01T21:12:12.600+0800 I CONTROL  [initandlisten] db version v3.2.4
2016-04-01T21:12:12.600+0800 I CONTROL  [initandlisten] git version: e2ee9ffcf9f5a94fad76802e28cc978718bb7a30
2016-04-01T21:12:12.600+0800 I CONTROL  [initandlisten] allocator: tcmalloc
2016-04-01T21:12:12.600+0800 I CONTROL  [initandlisten] modules: none
2016-04-01T21:12:12.600+0800 I CONTROL  [initandlisten] build environment:
2016-04-01T21:12:12.600+0800 I CONTROL  [initandlisten]     distarch: x86_64
2016-04-01T21:12:12.600+0800 I CONTROL  [initandlisten]     target_arch: x86_64
2016-04-01T21:12:12.600+0800 I CONTROL  [initandlisten] options: {}
2016-04-01T21:12:12.601+0800 I -        [initandlisten] Detected data files in C:\data\db\ created by the 'wiredTiger' storage engine, so setting the active storage engine to 'wiredTiger'.
2016-04-01T21:12:12.601+0800 I STORAGE  [initandlisten] wiredtiger_open config: create,cache_size=4G,session_max=20000,eviction=(threads_max=4),config_base=false,statistics=(fast),log=(enabled=true,archive=true,path=journal,compressor=snappy),file_manager=(close_idle_time=100000),checkpoint=(wait=60,log_size=2GB),statistics_log=(wait=0),
2016-04-01T21:12:14.010+0800 I NETWORK  [HostnameCanonicalizationWorker] Starting hostname canonicalization worker
2016-04-01T21:12:14.010+0800 I FTDC     [initandlisten] Initializing full-time diagnostic data capture with directory 'C:/data/db/diagnostic.data'
2016-04-01T21:12:14.011+0800 I NETWORK  [initandlisten] waiting for connections on port 27017
2016-04-01T21:12:14.643+0800 I NETWORK  [initandlisten] connection accepted from 127.0.0.1:6060 #1 (1 connection now open)
2016-04-01T21:13:51.017+0800 I CONTROL  [initandlisten] MongoDB starting : pid=7616 port=27017 dbpath=C:\data\db\ 64-bit host=DESKTOP-EF5FLLO
2016-04-01T21:13:51.018+0800 I CONTROL  [initandlisten] targetMinOS: Windows Vista/Windows Server 2008
2016-04-01T21:13:51.018+0800 I CONTROL  [initandlisten] db version v3.2.4
2016-04-01T21:13:51.018+0800 I CONTROL  [initandlisten] git version: e2ee9ffcf9f5a94fad76802e28cc978718bb7a30
2016-04-01T21:13:51.018+0800 I CONTROL  [initandlisten] allocator: tcmalloc
2016-04-01T21:13:51.018+0800 I CONTROL  [initandlisten] modules: none
2016-04-01T21:13:51.018+0800 I CONTROL  [initandlisten] build environment:
2016-04-01T21:13:51.018+0800 I CONTROL  [initandlisten]     distarch: x86_64
2016-04-01T21:13:51.018+0800 I CONTROL  [initandlisten]     target_arch: x86_64
2016-04-01T21:13:51.018+0800 I CONTROL  [initandlisten] options: {}
2016-04-01T21:13:51.019+0800 E NETWORK  [initandlisten] listen(): bind() failed errno:10048 é€šå¸¸æ¯ä¸ªå¥—æŽ¥å­—åœ°å€(åè®®/ç½‘ç»œåœ°å€/ç«¯å£)åªå…è®¸ä½¿ç”¨ä¸€æ¬¡ã€‚ for socket: 0.0.0.0:27017
2016-04-01T21:13:51.019+0800 E STORAGE  [initandlisten] Failed to set up sockets during startup.
2016-04-01T21:13:51.019+0800 I CONTROL  [initandlisten] dbexit:  rc: 48
2016-04-01T21:14:55.670+0800 I CONTROL  [initandlisten] MongoDB starting : pid=2116 port=27017 dbpath=C:\data\db\ 64-bit host=DESKTOP-EF5FLLO
2016-04-01T21:14:55.671+0800 I CONTROL  [initandlisten] targetMinOS: Windows Vista/Windows Server 2008
2016-04-01T21:14:55.671+0800 I CONTROL  [initandlisten] db version v3.2.4
2016-04-01T21:14:55.671+0800 I CONTROL  [initandlisten] git version: e2ee9ffcf9f5a94fad76802e28cc978718bb7a30
2016-04-01T21:14:55.671+0800 I CONTROL  [initandlisten] allocator: tcmalloc
2016-04-01T21:14:55.671+0800 I CONTROL  [initandlisten] modules: none
2016-04-01T21:14:55.671+0800 I CONTROL  [initandlisten] build environment:
2016-04-01T21:14:55.671+0800 I CONTROL  [initandlisten]     distarch: x86_64
2016-04-01T21:14:55.671+0800 I CONTROL  [initandlisten]     target_arch: x86_64
2016-04-01T21:14:55.671+0800 I CONTROL  [initandlisten] options: {}
2016-04-01T21:14:55.671+0800 E NETWORK  [initandlisten] listen(): bind() failed errno:10048 é€šå¸¸æ¯ä¸ªå¥—æŽ¥å­—åœ°å€(åè®®/ç½‘ç»œåœ°å€/ç«¯å£)åªå…è®¸ä½¿ç”¨ä¸€æ¬¡ã€‚ for socket: 0.0.0.0:27017
2016-04-01T21:14:55.671+0800 E STORAGE  [initandlisten] Failed to set up sockets during startup.
2016-04-01T21:14:55.671+0800 I CONTROL  [initandlisten] dbexit:  rc: 48
2016-04-01T21:17:24.043+0800 I CONTROL  [initandlisten] MongoDB starting : pid=4632 port=27017 dbpath=C:\data\db\ 64-bit host=DESKTOP-EF5FLLO
2016-04-01T21:17:24.044+0800 I CONTROL  [initandlisten] targetMinOS: Windows Vista/Windows Server 2008
2016-04-01T21:17:24.044+0800 I CONTROL  [initandlisten] db version v3.2.4
2016-04-01T21:17:24.044+0800 I CONTROL  [initandlisten] git version: e2ee9ffcf9f5a94fad76802e28cc978718bb7a30
2016-04-01T21:17:24.044+0800 I CONTROL  [initandlisten] allocator: tcmalloc
2016-04-01T21:17:24.044+0800 I CONTROL  [initandlisten] modules: none
2016-04-01T21:17:24.044+0800 I CONTROL  [initandlisten] build environment:
2016-04-01T21:17:24.044+0800 I CONTROL  [initandlisten]     distarch: x86_64
2016-04-01T21:17:24.044+0800 I CONTROL  [initandlisten]     target_arch: x86_64
2016-04-01T21:17:24.044+0800 I CONTROL  [initandlisten] options: {}
2016-04-01T21:17:24.045+0800 E NETWORK  [initandlisten] listen(): bind() failed errno:10048 é€šå¸¸æ¯ä¸ªå¥—æŽ¥å­—åœ°å€(åè®®/ç½‘ç»œåœ°å€/ç«¯å£)åªå…è®¸ä½¿ç”¨ä¸€æ¬¡ã€‚ for socket: 0.0.0.0:27017
2016-04-01T21:17:24.045+0800 E STORAGE  [initandlisten] Failed to set up sockets during startup.
2016-04-01T21:17:24.045+0800 I CONTROL  [initandlisten] dbexit:  rc: 48
2016-04-01T21:32:06.860+0800 I CONTROL  [initandlisten] MongoDB starting : pid=1364 port=27017 dbpath=C:\data\db\ 64-bit host=DESKTOP-EF5FLLO
2016-04-01T21:32:06.860+0800 I CONTROL  [initandlisten] targetMinOS: Windows Vista/Windows Server 2008
2016-04-01T21:32:06.860+0800 I CONTROL  [initandlisten] db version v3.2.4
2016-04-01T21:32:06.860+0800 I CONTROL  [initandlisten] git version: e2ee9ffcf9f5a94fad76802e28cc978718bb7a30
2016-04-01T21:32:06.860+0800 I CONTROL  [initandlisten] allocator: tcmalloc
2016-04-01T21:32:06.860+0800 I CONTROL  [initandlisten] modules: none
2016-04-01T21:32:06.860+0800 I CONTROL  [initandlisten] build environment:
2016-04-01T21:32:06.860+0800 I CONTROL  [initandlisten]     distarch: x86_64
2016-04-01T21:32:06.860+0800 I CONTROL  [initandlisten]     target_arch: x86_64
2016-04-01T21:32:06.861+0800 I CONTROL  [initandlisten] options: {}
2016-04-01T21:32:06.861+0800 E NETWORK  [initandlisten] listen(): bind() failed errno:10048 é€šå¸¸æ¯ä¸ªå¥—æŽ¥å­—åœ°å€(åè®®/ç½‘ç»œåœ°å€/ç«¯å£)åªå…è®¸ä½¿ç”¨ä¸€æ¬¡ã€‚ for socket: 0.0.0.0:27017
2016-04-01T21:32:06.861+0800 E STORAGE  [initandlisten] Failed to set up sockets during startup.
2016-04-01T21:32:06.861+0800 I CONTROL  [initandlisten] dbexit:  rc: 48
2016-04-01T21:32:59.259+0800 I CONTROL  [initandlisten] MongoDB starting : pid=7760 port=27017 dbpath=C:\data\db\ 64-bit host=DESKTOP-EF5FLLO
2016-04-01T21:32:59.260+0800 I CONTROL  [initandlisten] targetMinOS: Windows Vista/Windows Server 2008
2016-04-01T21:32:59.260+0800 I CONTROL  [initandlisten] db version v3.2.4
2016-04-01T21:32:59.260+0800 I CONTROL  [initandlisten] git version: e2ee9ffcf9f5a94fad76802e28cc978718bb7a30
2016-04-01T21:32:59.260+0800 I CONTROL  [initandlisten] allocator: tcmalloc
2016-04-01T21:32:59.260+0800 I CONTROL  [initandlisten] modules: none
2016-04-01T21:32:59.260+0800 I CONTROL  [initandlisten] build environment:
2016-04-01T21:32:59.260+0800 I CONTROL  [initandlisten]     distarch: x86_64
2016-04-01T21:32:59.260+0800 I CONTROL  [initandlisten]     target_arch: x86_64
2016-04-01T21:32:59.260+0800 I CONTROL  [initandlisten] options: {}
2016-04-01T21:32:59.260+0800 E NETWORK  [initandlisten] listen(): bind() failed errno:10048 é€šå¸¸æ¯ä¸ªå¥—æŽ¥å­—åœ°å€(åè®®/ç½‘ç»œåœ°å€/ç«¯å£)åªå…è®¸ä½¿ç”¨ä¸€æ¬¡ã€‚ for socket: 0.0.0.0:27017
2016-04-01T21:32:59.260+0800 E STORAGE  [initandlisten] Failed to set up sockets during startup.
2016-04-01T21:32:59.260+0800 I CONTROL  [initandlisten] dbexit:  rc: 48
2016-04-01T21:33:32.264+0800 I CONTROL  [initandlisten] MongoDB starting : pid=6788 port=27017 dbpath=C:\data\db\ 64-bit host=DESKTOP-EF5FLLO
2016-04-01T21:33:32.264+0800 I CONTROL  [initandlisten] targetMinOS: Windows Vista/Windows Server 2008
2016-04-01T21:33:32.264+0800 I CONTROL  [initandlisten] db version v3.2.4
2016-04-01T21:33:32.265+0800 I CONTROL  [initandlisten] git version: e2ee9ffcf9f5a94fad76802e28cc978718bb7a30
2016-04-01T21:33:32.265+0800 I CONTROL  [initandlisten] allocator: tcmalloc
2016-04-01T21:33:32.265+0800 I CONTROL  [initandlisten] modules: none
2016-04-01T21:33:32.265+0800 I CONTROL  [initandlisten] build environment:
2016-04-01T21:33:32.265+0800 I CONTROL  [initandlisten]     distarch: x86_64
2016-04-01T21:33:32.265+0800 I CONTROL  [initandlisten]     target_arch: x86_64
2016-04-01T21:33:32.265+0800 I CONTROL  [initandlisten] options: {}
2016-04-01T21:33:32.265+0800 E NETWORK  [initandlisten] listen(): bind() failed errno:10048 é€šå¸¸æ¯ä¸ªå¥—æŽ¥å­—åœ°å€(åè®®/ç½‘ç»œåœ°å€/ç«¯å£)åªå…è®¸ä½¿ç”¨ä¸€æ¬¡ã€‚ for socket: 0.0.0.0:27017
2016-04-01T21:33:32.265+0800 E STORAGE  [initandlisten] Failed to set up sockets during startup.
2016-04-01T21:33:32.265+0800 I CONTROL  [initandlisten] dbexit:  rc: 48
2016-04-01T21:33:52.136+0800 I CONTROL  [initandlisten] MongoDB starting : pid=9952 port=27017 dbpath=C:\data\db\ 64-bit host=DESKTOP-EF5FLLO
2016-04-01T21:33:52.137+0800 I CONTROL  [initandlisten] targetMinOS: Windows Vista/Windows Server 2008
2016-04-01T21:33:52.137+0800 I CONTROL  [initandlisten] db version v3.2.4
2016-04-01T21:33:52.137+0800 I CONTROL  [initandlisten] git version: e2ee9ffcf9f5a94fad76802e28cc978718bb7a30
2016-04-01T21:33:52.137+0800 I CONTROL  [initandlisten] allocator: tcmalloc
2016-04-01T21:33:52.137+0800 I CONTROL  [initandlisten] modules: none
2016-04-01T21:33:52.137+0800 I CONTROL  [initandlisten] build environment:
2016-04-01T21:33:52.137+0800 I CONTROL  [initandlisten]     distarch: x86_64
2016-04-01T21:33:52.137+0800 I CONTROL  [initandlisten]     target_arch: x86_64
2016-04-01T21:33:52.137+0800 I CONTROL  [initandlisten] options: {}
2016-04-01T21:33:52.138+0800 E NETWORK  [initandlisten] listen(): bind() failed errno:10048 é€šå¸¸æ¯ä¸ªå¥—æŽ¥å­—åœ°å€(åè®®/ç½‘ç»œåœ°å€/ç«¯å£)åªå…è®¸ä½¿ç”¨ä¸€æ¬¡ã€‚ for socket: 0.0.0.0:27017
2016-04-01T21:33:52.138+0800 E STORAGE  [initandlisten] Failed to set up sockets during startup.
2016-04-01T21:33:52.138+0800 I CONTROL  [initandlisten] dbexit:  rc: 48
2016-04-01T21:37:18.564+0800 I CONTROL  [initandlisten] MongoDB starting : pid=3276 port=27017 dbpath=C:\data\db\ 64-bit host=DESKTOP-EF5FLLO
2016-04-01T21:37:18.565+0800 I CONTROL  [initandlisten] targetMinOS: Windows Vista/Windows Server 2008
2016-04-01T21:37:18.565+0800 I CONTROL  [initandlisten] db version v3.2.4
2016-04-01T21:37:18.565+0800 I CONTROL  [initandlisten] git version: e2ee9ffcf9f5a94fad76802e28cc978718bb7a30
2016-04-01T21:37:18.565+0800 I CONTROL  [initandlisten] allocator: tcmalloc
2016-04-01T21:37:18.565+0800 I CONTROL  [initandlisten] modules: none
2016-04-01T21:37:18.565+0800 I CONTROL  [initandlisten] build environment:
2016-04-01T21:37:18.565+0800 I CONTROL  [initandlisten]     distarch: x86_64
2016-04-01T21:37:18.565+0800 I CONTROL  [initandlisten]     target_arch: x86_64
2016-04-01T21:37:18.565+0800 I CONTROL  [initandlisten] options: {}
2016-04-01T21:37:18.566+0800 E NETWORK  [initandlisten] listen(): bind() failed errno:10048 é€šå¸¸æ¯ä¸ªå¥—æŽ¥å­—åœ°å€(åè®®/ç½‘ç»œåœ°å€/ç«¯å£)åªå…è®¸ä½¿ç”¨ä¸€æ¬¡ã€‚ for socket: 0.0.0.0:27017
2016-04-01T21:37:18.566+0800 E STORAGE  [initandlisten] Failed to set up sockets during startup.
2016-04-01T21:37:18.566+0800 I CONTROL  [initandlisten] dbexit:  rc: 48
2016-04-02T20:08:19.831+0800 I CONTROL  [initandlisten] MongoDB starting : pid=10464 port=27017 dbpath=J:\data\db\ 64-bit host=DESKTOP-EF5FLLO
2016-04-02T20:08:19.832+0800 I CONTROL  [initandlisten] targetMinOS: Windows Vista/Windows Server 2008
2016-04-02T20:08:19.832+0800 I CONTROL  [initandlisten] db version v3.2.4
2016-04-02T20:08:19.832+0800 I CONTROL  [initandlisten] git version: e2ee9ffcf9f5a94fad76802e28cc978718bb7a30
2016-04-02T20:08:19.832+0800 I CONTROL  [initandlisten] allocator: tcmalloc
2016-04-02T20:08:19.832+0800 I CONTROL  [initandlisten] modules: none
2016-04-02T20:08:19.832+0800 I CONTROL  [initandlisten] build environment:
2016-04-02T20:08:19.832+0800 I CONTROL  [initandlisten]     distarch: x86_64
2016-04-02T20:08:19.832+0800 I CONTROL  [initandlisten]     target_arch: x86_64
2016-04-02T20:08:19.832+0800 I CONTROL  [initandlisten] options: {}
2016-04-02T20:08:19.833+0800 E NETWORK  [initandlisten] listen(): bind() failed errno:10048 é€šå¸¸æ¯ä¸ªå¥—æŽ¥å­—åœ°å€(åè®®/ç½‘ç»œåœ°å€/ç«¯å£)åªå…è®¸ä½¿ç”¨ä¸€æ¬¡ã€‚ for socket: 0.0.0.0:27017
2016-04-02T20:08:19.833+0800 E STORAGE  [initandlisten] Failed to set up sockets during startup.
2016-04-02T20:08:19.833+0800 I CONTROL  [initandlisten] dbexit:  rc: 48
2016-04-02T20:09:28.885+0800 I CONTROL  [initandlisten] MongoDB starting : pid=10392 port=27017 dbpath=J:\data\db\ 64-bit host=DESKTOP-EF5FLLO
2016-04-02T20:09:28.886+0800 I CONTROL  [initandlisten] targetMinOS: Windows Vista/Windows Server 2008
2016-04-02T20:09:28.886+0800 I CONTROL  [initandlisten] db version v3.2.4
2016-04-02T20:09:28.886+0800 I CONTROL  [initandlisten] git version: e2ee9ffcf9f5a94fad76802e28cc978718bb7a30
2016-04-02T20:09:28.886+0800 I CONTROL  [initandlisten] allocator: tcmalloc
2016-04-02T20:09:28.886+0800 I CONTROL  [initandlisten] modules: none
2016-04-02T20:09:28.886+0800 I CONTROL  [initandlisten] build environment:
2016-04-02T20:09:28.886+0800 I CONTROL  [initandlisten]     distarch: x86_64
2016-04-02T20:09:28.886+0800 I CONTROL  [initandlisten]     target_arch: x86_64
2016-04-02T20:09:28.886+0800 I CONTROL  [initandlisten] options: {}
2016-04-02T20:09:28.887+0800 E NETWORK  [initandlisten] listen(): bind() failed errno:10048 é€šå¸¸æ¯ä¸ªå¥—æŽ¥å­—åœ°å€(åè®®/ç½‘ç»œåœ°å€/ç«¯å£)åªå…è®¸ä½¿ç”¨ä¸€æ¬¡ã€‚ for socket: 0.0.0.0:27017
2016-04-02T20:09:28.887+0800 E STORAGE  [initandlisten] Failed to set up sockets during startup.
2016-04-02T20:09:28.887+0800 I CONTROL  [initandlisten] dbexit:  rc: 48
2016-04-02T20:10:42.455+0800 I CONTROL  [initandlisten] MongoDB starting : pid=10936 port=27017 dbpath=J:\data\db\ 64-bit host=DESKTOP-EF5FLLO
2016-04-02T20:10:42.456+0800 I CONTROL  [initandlisten] targetMinOS: Windows Vista/Windows Server 2008
2016-04-02T20:10:42.456+0800 I CONTROL  [initandlisten] db version v3.2.4
2016-04-02T20:10:42.456+0800 I CONTROL  [initandlisten] git version: e2ee9ffcf9f5a94fad76802e28cc978718bb7a30
2016-04-02T20:10:42.456+0800 I CONTROL  [initandlisten] allocator: tcmalloc
2016-04-02T20:10:42.456+0800 I CONTROL  [initandlisten] modules: none
2016-04-02T20:10:42.456+0800 I CONTROL  [initandlisten] build environment:
2016-04-02T20:10:42.456+0800 I CONTROL  [initandlisten]     distarch: x86_64
2016-04-02T20:10:42.456+0800 I CONTROL  [initandlisten]     target_arch: x86_64
2016-04-02T20:10:42.456+0800 I CONTROL  [initandlisten] options: {}
2016-04-02T20:10:42.457+0800 E NETWORK  [initandlisten] listen(): bind() failed errno:10048 é€šå¸¸æ¯ä¸ªå¥—æŽ¥å­—åœ°å€(åè®®/ç½‘ç»œåœ°å€/ç«¯å£)åªå…è®¸ä½¿ç”¨ä¸€æ¬¡ã€‚ for socket: 0.0.0.0:27017
2016-04-02T20:10:42.457+0800 E STORAGE  [initandlisten] Failed to set up sockets during startup.
2016-04-02T20:10:42.457+0800 I CONTROL  [initandlisten] dbexit:  rc: 48
2016-04-02T20:18:35.995+0800 I CONTROL  [initandlisten] MongoDB starting : pid=4288 port=27017 dbpath=J:\data\db\ 64-bit host=DESKTOP-EF5FLLO
2016-04-02T20:18:35.995+0800 I CONTROL  [initandlisten] targetMinOS: Windows Vista/Windows Server 2008
2016-04-02T20:18:35.995+0800 I CONTROL  [initandlisten] db version v3.2.4
2016-04-02T20:18:35.995+0800 I CONTROL  [initandlisten] git version: e2ee9ffcf9f5a94fad76802e28cc978718bb7a30
2016-04-02T20:18:35.995+0800 I CONTROL  [initandlisten] allocator: tcmalloc
2016-04-02T20:18:35.995+0800 I CONTROL  [initandlisten] modules: none
2016-04-02T20:18:35.995+0800 I CONTROL  [initandlisten] build environment:
2016-04-02T20:18:35.995+0800 I CONTROL  [initandlisten]     distarch: x86_64
2016-04-02T20:18:35.995+0800 I CONTROL  [initandlisten]     target_arch: x86_64
2016-04-02T20:18:35.995+0800 I CONTROL  [initandlisten] options: {}
2016-04-02T20:18:35.996+0800 E NETWORK  [initandlisten] listen(): bind() failed errno:10048 é€šå¸¸æ¯ä¸ªå¥—æŽ¥å­—åœ°å€(åè®®/ç½‘ç»œåœ°å€/ç«¯å£)åªå…è®¸ä½¿ç”¨ä¸€æ¬¡ã€‚ for socket: 0.0.0.0:27017
2016-04-02T20:18:35.996+0800 E STORAGE  [initandlisten] Failed to set up sockets during startup.
2016-04-02T20:18:35.996+0800 I CONTROL  [initandlisten] dbexit:  rc: 48
2016-04-02T20:19:22.614+0800 I CONTROL  [initandlisten] MongoDB starting : pid=5872 port=27017 dbpath=J:\data\db\ 64-bit host=DESKTOP-EF5FLLO
2016-04-02T20:19:22.614+0800 I CONTROL  [initandlisten] targetMinOS: Windows Vista/Windows Server 2008
2016-04-02T20:19:22.614+0800 I CONTROL  [initandlisten] db version v3.2.4
2016-04-02T20:19:22.614+0800 I CONTROL  [initandlisten] git version: e2ee9ffcf9f5a94fad76802e28cc978718bb7a30
2016-04-02T20:19:22.614+0800 I CONTROL  [initandlisten] allocator: tcmalloc
2016-04-02T20:19:22.614+0800 I CONTROL  [initandlisten] modules: none
2016-04-02T20:19:22.614+0800 I CONTROL  [initandlisten] build environment:
2016-04-02T20:19:22.614+0800 I CONTROL  [initandlisten]     distarch: x86_64
2016-04-02T20:19:22.614+0800 I CONTROL  [initandlisten]     target_arch: x86_64
2016-04-02T20:19:22.614+0800 I CONTROL  [initandlisten] options: {}
2016-04-02T20:19:22.615+0800 E NETWORK  [initandlisten] listen(): bind() failed errno:10048 é€šå¸¸æ¯ä¸ªå¥—æŽ¥å­—åœ°å€(åè®®/ç½‘ç»œåœ°å€/ç«¯å£)åªå…è®¸ä½¿ç”¨ä¸€æ¬¡ã€‚ for socket: 0.0.0.0:27017
2016-04-02T20:19:22.615+0800 E STORAGE  [initandlisten] Failed to set up sockets during startup.
2016-04-02T20:19:22.615+0800 I CONTROL  [initandlisten] dbexit:  rc: 48
2016-04-02T20:20:11.009+0800 I CONTROL  [initandlisten] MongoDB starting : pid=5960 port=27017 dbpath=J:\data\db\ 64-bit host=DESKTOP-EF5FLLO
2016-04-02T20:20:11.010+0800 I CONTROL  [initandlisten] targetMinOS: Windows Vista/Windows Server 2008
2016-04-02T20:20:11.010+0800 I CONTROL  [initandlisten] db version v3.2.4
2016-04-02T20:20:11.010+0800 I CONTROL  [initandlisten] git version: e2ee9ffcf9f5a94fad76802e28cc978718bb7a30
2016-04-02T20:20:11.010+0800 I CONTROL  [initandlisten] allocator: tcmalloc
2016-04-02T20:20:11.010+0800 I CONTROL  [initandlisten] modules: none
2016-04-02T20:20:11.010+0800 I CONTROL  [initandlisten] build environment:
2016-04-02T20:20:11.010+0800 I CONTROL  [initandlisten]     distarch: x86_64
2016-04-02T20:20:11.010+0800 I CONTROL  [initandlisten]     target_arch: x86_64
2016-04-02T20:20:11.010+0800 I CONTROL  [initandlisten] options: {}
2016-04-02T20:20:11.010+0800 E NETWORK  [initandlisten] listen(): bind() failed errno:10048 é€šå¸¸æ¯ä¸ªå¥—æŽ¥å­—åœ°å€(åè®®/ç½‘ç»œåœ°å€/ç«¯å£)åªå…è®¸ä½¿ç”¨ä¸€æ¬¡ã€‚ for socket: 0.0.0.0:27017
2016-04-02T20:20:11.010+0800 E STORAGE  [initandlisten] Failed to set up sockets during startup.
2016-04-02T20:20:11.010+0800 I CONTROL  [initandlisten] dbexit:  rc: 48
2016-04-02T20:20:59.143+0800 I CONTROL  [initandlisten] MongoDB starting : pid=11000 port=27017 dbpath=J:\data\db\ 64-bit host=DESKTOP-EF5FLLO
2016-04-02T20:20:59.144+0800 I CONTROL  [initandlisten] targetMinOS: Windows Vista/Windows Server 2008
2016-04-02T20:20:59.144+0800 I CONTROL  [initandlisten] db version v3.2.4
2016-04-02T20:20:59.144+0800 I CONTROL  [initandlisten] git version: e2ee9ffcf9f5a94fad76802e28cc978718bb7a30
2016-04-02T20:20:59.144+0800 I CONTROL  [initandlisten] allocator: tcmalloc
2016-04-02T20:20:59.144+0800 I CONTROL  [initandlisten] modules: none
2016-04-02T20:20:59.144+0800 I CONTROL  [initandlisten] build environment:
2016-04-02T20:20:59.144+0800 I CONTROL  [initandlisten]     distarch: x86_64
2016-04-02T20:20:59.144+0800 I CONTROL  [initandlisten]     target_arch: x86_64
2016-04-02T20:20:59.144+0800 I CONTROL  [initandlisten] options: {}
2016-04-02T20:20:59.145+0800 E NETWORK  [initandlisten] listen(): bind() failed errno:10048 é€šå¸¸æ¯ä¸ªå¥—æŽ¥å­—åœ°å€(åè®®/ç½‘ç»œåœ°å€/ç«¯å£)åªå…è®¸ä½¿ç”¨ä¸€æ¬¡ã€‚ for socket: 0.0.0.0:27017
2016-04-02T20:20:59.145+0800 E STORAGE  [initandlisten] Failed to set up sockets during startup.
2016-04-02T20:20:59.145+0800 I CONTROL  [initandlisten] dbexit:  rc: 48
2016-04-02T20:22:19.423+0800 I CONTROL  [initandlisten] MongoDB starting : pid=8492 port=27017 dbpath=J:\data\db\ 64-bit host=DESKTOP-EF5FLLO
2016-04-02T20:22:19.424+0800 I CONTROL  [initandlisten] targetMinOS: Windows Vista/Windows Server 2008
2016-04-02T20:22:19.424+0800 I CONTROL  [initandlisten] db version v3.2.4
2016-04-02T20:22:19.424+0800 I CONTROL  [initandlisten] git version: e2ee9ffcf9f5a94fad76802e28cc978718bb7a30
2016-04-02T20:22:19.424+0800 I CONTROL  [initandlisten] allocator: tcmalloc
2016-04-02T20:22:19.424+0800 I CONTROL  [initandlisten] modules: none
2016-04-02T20:22:19.424+0800 I CONTROL  [initandlisten] build environment:
2016-04-02T20:22:19.424+0800 I CONTROL  [initandlisten]     distarch: x86_64
2016-04-02T20:22:19.424+0800 I CONTROL  [initandlisten]     target_arch: x86_64
2016-04-02T20:22:19.424+0800 I CONTROL  [initandlisten] options: {}
2016-04-02T20:22:19.425+0800 E NETWORK  [initandlisten] listen(): bind() failed errno:10048 é€šå¸¸æ¯ä¸ªå¥—æŽ¥å­—åœ°å€(åè®®/ç½‘ç»œåœ°å€/ç«¯å£)åªå…è®¸ä½¿ç”¨ä¸€æ¬¡ã€‚ for socket: 0.0.0.0:27017
2016-04-02T20:22:19.425+0800 E STORAGE  [initandlisten] Failed to set up sockets during startup.
2016-04-02T20:22:19.425+0800 I CONTROL  [initandlisten] dbexit:  rc: 48
2016-04-02T20:23:51.402+0800 I CONTROL  [initandlisten] MongoDB starting : pid=8556 port=27017 dbpath=J:\data\db\ 64-bit host=DESKTOP-EF5FLLO
2016-04-02T20:23:51.402+0800 I CONTROL  [initandlisten] targetMinOS: Windows Vista/Windows Server 2008
2016-04-02T20:23:51.402+0800 I CONTROL  [initandlisten] db version v3.2.4
2016-04-02T20:23:51.402+0800 I CONTROL  [initandlisten] git version: e2ee9ffcf9f5a94fad76802e28cc978718bb7a30
2016-04-02T20:23:51.402+0800 I CONTROL  [initandlisten] allocator: tcmalloc
2016-04-02T20:23:51.402+0800 I CONTROL  [initandlisten] modules: none
2016-04-02T20:23:51.402+0800 I CONTROL  [initandlisten] build environment:
2016-04-02T20:23:51.402+0800 I CONTROL  [initandlisten]     distarch: x86_64
2016-04-02T20:23:51.402+0800 I CONTROL  [initandlisten]     target_arch: x86_64
2016-04-02T20:23:51.402+0800 I CONTROL  [initandlisten] options: {}
2016-04-02T20:23:51.403+0800 E NETWORK  [initandlisten] listen(): bind() failed errno:10048 é€šå¸¸æ¯ä¸ªå¥—æŽ¥å­—åœ°å€(åè®®/ç½‘ç»œåœ°å€/ç«¯å£)åªå…è®¸ä½¿ç”¨ä¸€æ¬¡ã€‚ for socket: 0.0.0.0:27017
2016-04-02T20:23:51.403+0800 E STORAGE  [initandlisten] Failed to set up sockets during startup.
2016-04-02T20:23:51.403+0800 I CONTROL  [initandlisten] dbexit:  rc: 48
2016-04-02T20:24:35.932+0800 I CONTROL  [initandlisten] MongoDB starting : pid=10960 port=27017 dbpath=J:\data\db\ 64-bit host=DESKTOP-EF5FLLO
2016-04-02T20:24:35.932+0800 I CONTROL  [initandlisten] targetMinOS: Windows Vista/Windows Server 2008
2016-04-02T20:24:35.932+0800 I CONTROL  [initandlisten] db version v3.2.4
2016-04-02T20:24:35.932+0800 I CONTROL  [initandlisten] git version: e2ee9ffcf9f5a94fad76802e28cc978718bb7a30
2016-04-02T20:24:35.932+0800 I CONTROL  [initandlisten] allocator: tcmalloc
2016-04-02T20:24:35.932+0800 I CONTROL  [initandlisten] modules: none
2016-04-02T20:24:35.932+0800 I CONTROL  [initandlisten] build environment:
2016-04-02T20:24:35.932+0800 I CONTROL  [initandlisten]     distarch: x86_64
2016-04-02T20:24:35.932+0800 I CONTROL  [initandlisten]     target_arch: x86_64
2016-04-02T20:24:35.932+0800 I CONTROL  [initandlisten] options: {}
2016-04-02T20:24:35.933+0800 E NETWORK  [initandlisten] listen(): bind() failed errno:10048 é€šå¸¸æ¯ä¸ªå¥—æŽ¥å­—åœ°å€(åè®®/ç½‘ç»œåœ°å€/ç«¯å£)åªå…è®¸ä½¿ç”¨ä¸€æ¬¡ã€‚ for socket: 0.0.0.0:27017
2016-04-02T20:24:35.933+0800 E STORAGE  [initandlisten] Failed to set up sockets during startup.
2016-04-02T20:24:35.933+0800 I CONTROL  [initandlisten] dbexit:  rc: 48
2016-04-02T20:25:19.534+0800 I CONTROL  [initandlisten] MongoDB starting : pid=8516 port=27017 dbpath=J:\data\db\ 64-bit host=DESKTOP-EF5FLLO
2016-04-02T20:25:19.535+0800 I CONTROL  [initandlisten] targetMinOS: Windows Vista/Windows Server 2008
2016-04-02T20:25:19.535+0800 I CONTROL  [initandlisten] db version v3.2.4
2016-04-02T20:25:19.535+0800 I CONTROL  [initandlisten] git version: e2ee9ffcf9f5a94fad76802e28cc978718bb7a30
2016-04-02T20:25:19.535+0800 I CONTROL  [initandlisten] allocator: tcmalloc
2016-04-02T20:25:19.535+0800 I CONTROL  [initandlisten] modules: none
2016-04-02T20:25:19.535+0800 I CONTROL  [initandlisten] build environment:
2016-04-02T20:25:19.535+0800 I CONTROL  [initandlisten]     distarch: x86_64
2016-04-02T20:25:19.535+0800 I CONTROL  [initandlisten]     target_arch: x86_64
2016-04-02T20:25:19.535+0800 I CONTROL  [initandlisten] options: {}
2016-04-02T20:25:19.536+0800 E NETWORK  [initandlisten] listen(): bind() failed errno:10048 é€šå¸¸æ¯ä¸ªå¥—æŽ¥å­—åœ°å€(åè®®/ç½‘ç»œåœ°å€/ç«¯å£)åªå…è®¸ä½¿ç”¨ä¸€æ¬¡ã€‚ for socket: 0.0.0.0:27017
2016-04-02T20:25:19.536+0800 E STORAGE  [initandlisten] Failed to set up sockets during startup.
2016-04-02T20:25:19.536+0800 I CONTROL  [initandlisten] dbexit:  rc: 48
